#
# There is insufficient memory for the Java Runtime Environment to continue.
# Native memory allocation (mmap) failed to map 134217728 bytes for Failed to commit area from 0x0000000081e00000 to 0x0000000089e00000 of length 134217728.
# Possible reasons:
#   The system is out of physical RAM or swap space
#   The process is running with CompressedOops enabled, and the Java Heap may be blocking the growth of the native heap
# Possible solutions:
#   Reduce memory load on the system
#   Increase physical memory or swap space
#   Check if swap backing store is full
#   Decrease Java heap size (-Xmx/-Xms)
#   Decrease number of Java threads
#   Decrease Java thread stack sizes (-Xss)
#   Set larger code cache with -XX:ReservedCodeCacheSize=
# This output file may be truncated or incomplete.
#
#  Out of Memory Error (t:/workspace/open/src/hotspot/os/windows/os_windows.cpp:3301), pid=25420, tid=25404
#
# JRE version:  (13.0.2+8) (build )
# Java VM: Java HotSpot(TM) 64-Bit Server VM (13.0.2+8, mixed mode, aot, sharing, tiered, compressed oops, g1 gc, windows-amd64)
# No core dump will be written. Minidumps are not enabled by default on client versions of Windows
#

---------------  S U M M A R Y ------------

Command Line: -Dfile.encoding=Cp1252 escalator159355.StartThreads

Host: Intel(R) Core(TM) i7-8550U CPU @ 1.80GHz, 8 cores, 7G,  Windows 10 , 64 bit Build 18362 (10.0.18362.1350)
Time: Thu Apr 15 11:54:15 2021 New Zealand Standard Time elapsed time: 0 seconds (0d 0h 0m 0s)

---------------  T H R E A D  ---------------

Current thread (0x000002c5ccdac800):  JavaThread "Unknown thread" [_thread_in_vm, id=25404, stack(0x000000eef8400000,0x000000eef8500000)]

Stack: [0x000000eef8400000,0x000000eef8500000]
Native frames: (J=compiled Java code, j=interpreted, Vv=VM code, C=native code)
V  [jvm.dll+0x624f9a]
V  [jvm.dll+0x770cfa]
V  [jvm.dll+0x7724af]
V  [jvm.dll+0x772ab3]
V  [jvm.dll+0x24bf08]
V  [jvm.dll+0x6222aa]
V  [jvm.dll+0x6170b5]
V  [jvm.dll+0x30a88c]
V  [jvm.dll+0x30a6c2]
V  [jvm.dll+0x30fe36]
V  [jvm.dll+0x353f46]
V  [jvm.dll+0x353720]
V  [jvm.dll+0x2e550a]
V  [jvm.dll+0x2e67a2]
V  [jvm.dll+0x74dd78]
V  [jvm.dll+0x361989]
V  [jvm.dll+0x730e65]
V  [jvm.dll+0x3cc53f]
V  [jvm.dll+0x3ce861]
C  [jli.dll+0x51ff]
C  [ucrtbase.dll+0x210b2]
C  [KERNEL32.DLL+0x17c24]
C  [ntdll.dll+0x6d721]


---------------  P R O C E S S  ---------------

Threads class SMR info:
_java_thread_list=0x00007ffcaaa0ccb8, length=0, elements={
}

Java Threads: ( => current thread )

Other Threads:
  0x000002c5ccdef000 GCTaskThread "GC Thread#0" [stack: 0x000000eef8500000,0x000000eef8600000] [id=25244]
  0x000002c5cce02000 ConcurrentGCThread "G1 Main Marker" [stack: 0x000000eef8600000,0x000000eef8700000] [id=25480]
  0x000002c5cce03800 ConcurrentGCThread "G1 Conc#0" [stack: 0x000000eef8700000,0x000000eef8800000] [id=25148]

[error occurred during error reporting (printing all threads), id 0xc0000005, EXCEPTION_ACCESS_VIOLATION (0xc0000005) at pc=0x00007ffcaa2451d7]

VM state:not at safepoint (not fully initialized)

VM Mutex/Monitor currently owned by a thread:  ([mutex/lock_event])
[0x000002c5ccda9410] Heap_lock - owner thread: 0x000002c5ccdac800

Heap address: 0x0000000081e00000, size: 2018 MB, Compressed Oops mode: Non-zero based: 0x0000000081e00000
Narrow klass base: 0x0000000000000000, Narrow klass shift: 0

GC Heap History (0 events):
No events

Deoptimization events (0 events):
No events

Classes unloaded (0 events):
No events

Classes redefined (0 events):
No events

Internal exceptions (0 events):
No events

Events (8 events):
Event: 0.013 Loaded shared library C:\Program Files\Java\jdk-13.0.2\bin\zip.dll
Event: 0.013 Loaded shared library C:\Program Files\Java\jdk-13.0.2\bin\jimage.dll
Event: 0.014 Loading shared library C:\Program Files\Java\jdk-13.0.2\lib\libjava.base-coop.dll failed, error code 126
Event: 0.014 Loading shared library C:\Program Files\Java\jdk-13.0.2\lib\libjava.logging-coop.dll failed, error code 126
Event: 0.014 Loading shared library C:\Program Files\Java\jdk-13.0.2\lib\libjdk.compiler-coop.dll failed, error code 126
Event: 0.014 Loading shared library C:\Program Files\Java\jdk-13.0.2\lib\libjdk.scripting.nashorn-coop.dll failed, error code 126
Event: 0.014 Loading shared library C:\Program Files\Java\jdk-13.0.2\lib\libjdk.internal.vm.ci-coop.dll failed, error code 126
Event: 0.014 Loading shared library C:\Program Files\Java\jdk-13.0.2\lib\libjdk.internal.vm.compiler-coop.dll failed, error code 126


Dynamic libraries:
0x00007ff7e9230000 - 0x00007ff7e923f000 	C:\Program Files\Java\jdk-13.0.2\bin\javaw.exe
0x00007ffcf5920000 - 0x00007ffcf5b10000 	C:\WINDOWS\SYSTEM32\ntdll.dll
0x00007ffcf3a40000 - 0x00007ffcf3af2000 	C:\WINDOWS\System32\KERNEL32.DLL
0x00007ffcf2f10000 - 0x00007ffcf31b5000 	C:\WINDOWS\System32\KERNELBASE.dll
0x00007ffcf2890000 - 0x00007ffcf298a000 	C:\WINDOWS\System32\ucrtbase.dll
0x00007ffce6ef0000 - 0x00007ffce6f05000 	C:\Program Files\Java\jdk-13.0.2\bin\VCRUNTIME140.dll
0x00007ffce6ed0000 - 0x00007ffce6ee8000 	C:\Program Files\Java\jdk-13.0.2\bin\jli.dll
0x00007ffcf5050000 - 0x00007ffcf50f3000 	C:\WINDOWS\System32\ADVAPI32.dll
0x00007ffcf3b60000 - 0x00007ffcf3bfe000 	C:\WINDOWS\System32\msvcrt.dll
0x00007ffcf4ea0000 - 0x00007ffcf4f37000 	C:\WINDOWS\System32\sechost.dll
0x00007ffcf4150000 - 0x00007ffcf426f000 	C:\WINDOWS\System32\RPCRT4.dll
0x00007ffcf3fb0000 - 0x00007ffcf4144000 	C:\WINDOWS\System32\USER32.dll
0x00007ffcf2ee0000 - 0x00007ffcf2f01000 	C:\WINDOWS\System32\win32u.dll
0x00007ffcdd3f0000 - 0x00007ffcdd674000 	C:\WINDOWS\WinSxS\amd64_microsoft.windows.common-controls_6595b64144ccf1df_6.0.18362.1440_none_9e7dbfb9e45e8e67\COMCTL32.dll
0x00007ffcf4740000 - 0x00007ffcf4766000 	C:\WINDOWS\System32\GDI32.dll
0x00007ffcf2c90000 - 0x00007ffcf2e28000 	C:\WINDOWS\System32\gdi32full.dll
0x00007ffcf4400000 - 0x00007ffcf4736000 	C:\WINDOWS\System32\combase.dll
0x00007ffcf2b40000 - 0x00007ffcf2bde000 	C:\WINDOWS\System32\msvcp_win.dll
0x00007ffcf31c0000 - 0x00007ffcf3241000 	C:\WINDOWS\System32\bcryptPrimitives.dll
0x00007ffcf1890000 - 0x00007ffcf189a000 	C:\WINDOWS\SYSTEM32\VERSION.dll
0x00007ffcf4270000 - 0x00007ffcf429e000 	C:\WINDOWS\System32\IMM32.DLL
0x00007ffce5c70000 - 0x00007ffce5d0b000 	C:\Program Files\Java\jdk-13.0.2\bin\msvcp140.dll
0x00007ffca9f50000 - 0x00007ffcaaaad000 	C:\Program Files\Java\jdk-13.0.2\bin\server\jvm.dll
0x00007ffcf3db0000 - 0x00007ffcf3db8000 	C:\WINDOWS\System32\PSAPI.DLL
0x00007ffcdf800000 - 0x00007ffcdf809000 	C:\WINDOWS\SYSTEM32\WSOCK32.dll
0x00007ffcef500000 - 0x00007ffcef524000 	C:\WINDOWS\SYSTEM32\WINMM.dll
0x00007ffcf39d0000 - 0x00007ffcf3a3f000 	C:\WINDOWS\System32\WS2_32.dll
0x00007ffcef160000 - 0x00007ffcef18d000 	C:\WINDOWS\SYSTEM32\winmmbase.dll
0x00007ffcf2af0000 - 0x00007ffcf2b3a000 	C:\WINDOWS\System32\cfgmgr32.dll
0x00007ffcf2800000 - 0x00007ffcf2811000 	C:\WINDOWS\System32\kernel.appcore.dll
0x00007ffce62f0000 - 0x00007ffce6300000 	C:\Program Files\Java\jdk-13.0.2\bin\verify.dll
0x00007ffcf0d40000 - 0x00007ffcf0f34000 	C:\WINDOWS\SYSTEM32\DBGHELP.DLL
0x00007ffcdbdb0000 - 0x00007ffcdbdda000 	C:\WINDOWS\SYSTEM32\dbgcore.DLL
0x00007ffce41a0000 - 0x00007ffce41c6000 	C:\Program Files\Java\jdk-13.0.2\bin\java.dll
0x00007ffce4180000 - 0x00007ffce4197000 	C:\Program Files\Java\jdk-13.0.2\bin\zip.dll
0x00007ffce62e0000 - 0x00007ffce62ea000 	C:\Program Files\Java\jdk-13.0.2\bin\jimage.dll

dbghelp: loaded successfully - version: 4.0.5 - missing functions: none
symbol engine: initialized successfully - sym options: 0x614 - pdb path: .;C:\Program Files\Java\jdk-13.0.2\bin;C:\WINDOWS\SYSTEM32;C:\WINDOWS\WinSxS\amd64_microsoft.windows.common-controls_6595b64144ccf1df_6.0.18362.1440_none_9e7dbfb9e45e8e67;C:\Program Files\Java\jdk-13.0.2\bin\server

VM Arguments:
jvm_args: -Dfile.encoding=Cp1252 
java_command: escalator159355.StartThreads
java_class_path (initial): C:\MASSEY 2021\159355 CONCURENT SYSTEMS\ASSIGNMENT 2\Assignment 2 budget escalator\bin
Launcher Type: SUN_STANDARD

[Global flags]
     intx CICompilerCount                          = 4                                         {product} {ergonomic}
     uint ConcGCThreads                            = 2                                         {product} {ergonomic}
     uint G1ConcRefinementThreads                  = 8                                         {product} {ergonomic}
   size_t G1HeapRegionSize                         = 1048576                                   {product} {ergonomic}
    uintx GCDrainStackTargetSize                   = 64                                        {product} {ergonomic}
   size_t InitialHeapSize                          = 134217728                                 {product} {ergonomic}
   size_t MarkStackSize                            = 4194304                                   {product} {ergonomic}
   size_t MaxHeapSize                              = 2116026368                                {product} {ergonomic}
   size_t MinHeapDeltaBytes                        = 1048576                                   {product} {ergonomic}
   size_t MinHeapSize                              = 8388608                                   {product} {ergonomic}
    uintx NonNMethodCodeHeapSize                   = 5839372                                {pd product} {ergonomic}
    uintx NonProfiledCodeHeapSize                  = 122909434                              {pd product} {ergonomic}
    uintx ProfiledCodeHeapSize                     = 122909434                              {pd product} {ergonomic}
    uintx ReservedCodeCacheSize                    = 251658240                              {pd product} {ergonomic}
     bool SegmentedCodeCache                       = true                                      {product} {ergonomic}
   size_t SoftMaxHeapSize                          = 2116026368                             {manageable} {ergonomic}
     bool UseCompressedClassPointers               = true                                 {lp64_product} {ergonomic}
     bool UseCompressedOops                        = true                                 {lp64_product} {ergonomic}
     bool UseG1GC                                  = true                                      {product} {ergonomic}
     bool UseLargePagesIndividualAllocation        = false                                  {pd product} {ergonomic}

Logging:
Log output configuration:
 #0: stdout all=warning uptime,level,tags
 #1: stderr all=off uptime,level,tags

Environment Variables:
JAVA_HOME=C:\Program Files\Java\jdk1.8.0_261
CLASSPATH=C:\Program Files (x86)\jdepend-2.10\lib\jdepend-2.10.jar;
PATH=C:/Program Files/Java/jdk-13.0.2/bin/server;C:/Program Files/Java/jdk-13.0.2/bin;C:\Program Files\AdoptOpenJDK\jdk-8.0.282.8-hotspot\bin;C:\Program Files\AdoptOpenJDK\jdk-11.0.10.9-hotspot\bin;C:\Program Files (x86)\Common Files\Oracle\Java\javapath;C:\Program Files (x86)\jdepend-2.10\lib\jdepend-2.10.jar;C:\Program Files\Java\jdk1.8.0_261\bin;C:\Program Files (x86)\apache-maven-3.6.3\bin;C:\Program Files\Git\cmd;C:\Program Files\nodejs\;C:\Program Files\dotnet\;C:\Program Files\Microsoft SQL Server\Client SDK\ODBC\170\Tools\Binn\;C:\Program Files (x86)\dotnet\;C:\Program Files\Docker\Docker\resources\bin;C:\ProgramData\DockerDesktop\version-bin;C:\Users\yolan\AppData\Local\Microsoft\WindowsApps;C:\Users\yolan\AppData\Local\GitHubDesktop\bin;C:\Users\yolan\AppData\Roaming\npm;C:\Users\yolan\.dotnet\tools;C:\Program Files\heroku\bin;C:\Users\yolan\Desktop;
USERNAME=yolan
OS=Windows_NT
PROCESSOR_IDENTIFIER=Intel64 Family 6 Model 142 Stepping 10, GenuineIntel



---------------  S Y S T E M  ---------------

OS: Windows 10 , 64 bit Build 18362 (10.0.18362.1350)
HyperV virtualization detected

CPU:total 8 (initial active 8) (4 cores per cpu, 2 threads per core) family 6 model 142 stepping 10, cmov, cx8, fxsr, mmx, sse, sse2, sse3, ssse3, sse4.1, sse4.2, popcnt, avx, avx2, aes, clmul, erms, 3dnowpref, lzcnt, ht, tsc, tscinvbit, bmi1, bmi2, adx, fma

Memory: 4k page, system-wide physical 8065M (1073M free)
TotalPageFile size 22833M (AvailPageFile size 99M)
current process WorkingSet (physical memory assigned to process): 10M, peak: 10M
current process commit charge ("private bytes"): 60M, peak: 188M

vm_info: Java HotSpot(TM) 64-Bit Server VM (13.0.2+8) for windows-amd64 JRE (13.0.2+8), built on Dec 11 2019 09:20:33 by "mach5one" with unknown MS VC++:1916

END.
